Total weights: 38
qlstm.layers.0.0.input_gate_params.bias
Shape: (128,)
Values:
[-0.00148102 -0.03531319 -0.02564683  0.05271687  0.122971   -0.01057107
 -0.04009795 -0.03203423  0.00314621 -0.01970396  0.02118765  0.01990858
  0.01275974  0.00701076  0.00650092  0.05562447 -0.13647301 -0.02684853
  0.03113824 -0.02623924  0.00729422 -0.00442596 -0.03344575  0.0970372
 -0.01528651 -0.02200626  0.01273774  0.02389377 -0.03733116  0.02317795
  0.03650941 -0.05344179 -0.04085669 -0.01716319  0.10945554  0.02838634
 -0.02370305 -0.02613535  0.00151812 -0.16296421 -0.04524467  0.01476714
 -0.02627262  0.06561624 -0.01670504  0.05232845 -0.0388083  -0.03825701
  0.03840823  0.06262983  0.03395496  0.00178418  0.00624217  0.0272703
  0.10396175 -0.04004005  0.0612734  -0.10671275  0.02090213  0.16072395
  0.01326521 -0.07385003 -0.04333009 -0.00950329  0.02845082 -0.03553449
 -0.01805833 -0.09168552  0.0232763   0.00623616 -0.10735474 -0.00890533
 -0.00552529 -0.02009739 -0.07347871  0.0160118  -0.06808629 -0.06655711
  0.15024309  0.03803926  0.03655775 -0.02786274 -0.05592911  0.05270155
  0.0158896  -0.0969114   0.05526331 -0.08761317  0.01723231  0.05547657
 -0.02425369  0.03719157 -0.03468573  0.08917803 -0.05827889  0.03081226
 -0.01145368  0.02314871 -0.00398599 -0.01489629  0.00299793  0.04402437
  0.00644665 -0.05138991 -0.04560458 -0.08403838  0.06687056 -0.03150634
 -0.00367206 -0.01402052 -0.04772566  0.08199409 -0.03381797 -0.0478543
 -0.0725937  -0.0931802  -0.03923813 -0.00507898 -0.09605281 -0.0847064
 -0.01218204  0.03818027  0.06519609  0.03404457  0.06711798  0.04566479
  0.02579565  0.06559178]
, index=0
-------------------------
qlstm.layers.0.0.input_gate_params.input_weight.weight
Shape: (128, 64)
Values:
[[-0.04241213 -0.0415393  -0.0542408  ... -0.02814542 -0.02913591
  -0.03516805]
 [ 0.0271166  -0.09573984  0.00976408 ... -0.02548441 -0.0054071
   0.11744632]
 [ 0.06425282  0.01090705  0.05538038 ...  0.06123637  0.04630979
   0.0620265 ]
 ...
 [ 0.046218   -0.01672554 -0.080313   ...  0.02146835  0.00774479
   0.06427683]
 [-0.03355353  0.1343227   0.02842651 ... -0.05625388  0.07156171
  -0.01797192]
 [ 0.08656336  0.02521354  0.02359819 ... -0.09495685  0.0148117
   0.08020481]]
, index=1
-------------------------
qlstm.layers.0.0.input_gate_params.hidden_weight.weight
Shape: (128, 128)
Values:
[[ 0.01082635 -0.01603704  0.0014137  ... -0.01494979  0.00917827
   0.033315  ]
 [-0.00224647  0.02210597 -0.03260468 ...  0.00480412  0.05951351
  -0.00086717]
 [-0.00996161 -0.00999074 -0.02197433 ...  0.00470631 -0.03858433
  -0.01342662]
 ...
 [ 0.0022395  -0.00566493  0.03518225 ...  0.00579034 -0.01441182
   0.00836611]
 [ 0.00188398 -0.01619188  0.11200307 ... -0.06478952  0.03874541
   0.01496084]
 [-0.0136643  -0.02997632 -0.0575102  ...  0.06320672  0.16727178
  -0.02630265]]
, index=2
-------------------------
qlstm.layers.0.0.forget_gate_params.bias
Shape: (128,)
Values:
[-0.02220095 -0.02309005  0.09210514  0.17348962  0.08641893 -0.05509172
  0.04300381 -0.02732628  0.1009158   0.1017987  -0.05815054  0.06632768
  0.02910921  0.04065806 -0.00775326 -0.01379819 -0.07412886  0.10143338
  0.18253575  0.05602772  0.1496778  -0.01270768  0.0550768  -0.04623982
 -0.00856565 -0.00092486  0.02932595  0.22948375  0.0773487  -0.00228319
  0.15364403  0.04874369  0.04378848  0.0384443   0.14987761  0.0359944
 -0.03537786 -0.02476754  0.02955258  0.07840147  0.24494128 -0.00665047
  0.01237632  0.08558895  0.04867178  0.03602026  0.17753902  0.01377806
  0.01297297 -0.06738999  0.02344421  0.10035528  0.00298678  0.08203804
  0.1044349   0.1478896   0.10976122  0.23752666  0.04638393  0.0749873
  0.00540332  0.11234634  0.02081263  0.1728035   0.07135055 -0.00909973
  0.0271392   0.01410548  0.09415367 -0.05168214  0.11581111 -0.01973083
  0.1040163   0.08336531  0.04340063  0.0098583   0.08380351  0.15242022
  0.14439964  0.02066395 -0.07298908 -0.00281014  0.01279806 -0.03648572
  0.02704334  0.1268713   0.15102188  0.0681777   0.16251124  0.08115369
  0.10419182 -0.01308787 -0.02978703 -0.01565046  0.13205965  0.1455295
  0.05859621 -0.02799266 -0.09533702  0.00652496  0.00127462  0.03135421
 -0.02362992  0.06334068  0.14086044  0.18218835  0.06345998  0.11468703
  0.07588735 -0.02617738  0.0607597  -0.06340361  0.10545857 -0.01452505
  0.0786221   0.02247695  0.02737611  0.10665471  0.03105586  0.03797781
  0.08025006  0.10425694  0.09756055 -0.03452095  0.10697348  0.07702596
 -0.00147048  0.15027131]
, index=3
-------------------------
qlstm.layers.0.0.forget_gate_params.input_weight.weight
Shape: (128, 64)
Values:
[[ 0.01646715 -0.02399715 -0.00534382 ... -0.02182673 -0.01443344
   0.03459195]
 [-0.01160901 -0.02650001  0.00145329 ...  0.02400585  0.00454929
  -0.05578613]
 [ 0.00024917 -0.04203816  0.00313189 ...  0.01137157 -0.00628271
  -0.08279114]
 ...
 [-0.00028569  0.08099748 -0.00626278 ... -0.02331823  0.05284721
  -0.0307361 ]
 [ 0.10683322  0.00459749 -0.04986156 ...  0.01019566 -0.06187686
  -0.00488949]
 [ 0.03053146  0.00323369 -0.08478134 ...  0.1328008   0.05817489
  -0.08247616]]
, index=4
-------------------------
qlstm.layers.0.0.forget_gate_params.hidden_weight.weight
Shape: (128, 128)
Values:
[[ 0.00731326 -0.00584205 -0.00365875 ... -0.01124686  0.01655752
   0.00456833]
 [ 0.02023173 -0.0034779   0.01529123 ... -0.00735227  0.0236889
   0.04061889]
 [-0.02466503 -0.0387327   0.05263661 ...  0.01782689 -0.0267962
  -0.014788  ]
 ...
 [ 0.01282155 -0.00409105  0.02771931 ... -0.09064581  0.00562396
   0.04899719]
 [ 0.01953198  0.00425557  0.02058656 ... -0.06683257  0.05116746
  -0.02019862]
 [ 0.00200766  0.06784862 -0.01281685 ... -0.0447116  -0.00838483
  -0.02234174]]
, index=5
-------------------------
qlstm.layers.0.0.cell_gate_params.bias
Shape: (128,)
Values:
[ 0.10667335 -0.01732112 -0.01578408 -0.01382336 -0.23851682  0.00942431
 -0.01583721 -0.10206893 -0.14531201 -0.01094461  0.00055994 -0.04849115
  0.0162314   0.06777178 -0.01698258  0.03505498  0.10753661  0.01889661
  0.03802365  0.07724226  0.07150192  0.01776827  0.1140313   0.02122777
  0.0145125   0.0378985  -0.03260881  0.20009275 -0.00117392  0.12473021
 -0.09556551 -0.03807908 -0.09024207  0.09833402  0.01351357 -0.00681974
  0.07867154 -0.00380481  0.01506429 -0.19377716  0.09203789  0.06234498
 -0.09209879 -0.12230513 -0.14994174  0.19025104 -0.03278229 -0.00451607
 -0.01532567 -0.01132989 -0.06403437 -0.11505227  0.01440125  0.1018364
 -0.05348616  0.0631632   0.03891707 -0.10370666 -0.01654607  0.00314465
 -0.02790196 -0.05910201 -0.11882003 -0.09072394  0.07373867  0.01055563
 -0.07024487 -0.04479143  0.04336093  0.1352902  -0.01697873 -0.10143702
  0.09819967 -0.04031522 -0.06934097  0.03925192  0.05765728 -0.014009
 -0.11921116 -0.03345209 -0.0154378  -0.09427409  0.07082845  0.09368692
  0.08288594 -0.04536077  0.08183215  0.04468678 -0.01626854  0.00576345
 -0.02711118  0.0467304   0.07321563  0.01001743  0.00620569  0.08112184
 -0.00569325  0.01150293 -0.05106684  0.1269729   0.0041692  -0.07979546
 -0.01723242 -0.0064327   0.08982216  0.02120035 -0.00270454 -0.03742506
 -0.04898316 -0.03923921  0.08443113  0.16560735  0.10373062 -0.00213055
  0.09864616  0.07767652 -0.0121654   0.0026965  -0.02939527  0.11328351
 -0.04464906  0.13165696 -0.03765869  0.06097668  0.0290937  -0.10906196
  0.2343148   0.10285716]
, index=6
-------------------------
qlstm.layers.0.0.cell_gate_params.input_weight.weight
Shape: (128, 64)
Values:
[[-0.00207431 -0.04035295 -0.03937014 ... -0.02033663 -0.0560291
  -0.00941049]
 [ 0.10745362  0.09332734 -0.10560244 ... -0.05896172 -0.01081104
   0.01049655]
 [-0.00705536  0.05413387  0.05632113 ...  0.13077825  0.0368971
   0.01178396]
 ...
 [-0.09401281  0.05429358 -0.13789974 ...  0.01184509 -0.00569562
  -0.11059649]
 [ 0.00458403 -0.08945539 -0.22522967 ... -0.03792103 -0.1690681
  -0.01510103]
 [ 0.09967437 -0.16252832 -0.15011875 ... -0.07921997  0.04580098
  -0.03531815]]
, index=7
-------------------------
qlstm.layers.0.0.cell_gate_params.hidden_weight.weight
Shape: (128, 128)
Values:
[[ 0.00750364  0.0176269   0.02368425 ... -0.05711805 -0.02030638
   0.06101059]
 [ 0.01641861  0.04357317  0.00328488 ...  0.00932247  0.03820124
   0.09364001]
 [-0.01414016  0.04169343  0.06940409 ...  0.03427361 -0.02759291
  -0.03661531]
 ...
 [ 0.00234095  0.02913813 -0.01147834 ...  0.11332352 -0.01046013
   0.00773475]
 [ 0.00503098  0.04531132  0.05314146 ... -0.11717647 -0.10043023
   0.05167638]
 [-0.05465905  0.22836253  0.07174478 ... -0.06820752  0.10410347
   0.05087452]]
, index=8
-------------------------
qlstm.layers.0.0.output_gate_params.bias
Shape: (128,)
Values:
[ 0.03231762  0.01228943 -0.01736057  0.10011055  0.1856327   0.02318482
 -0.03897159  0.00118251 -0.00231926  0.07422963  0.02764654  0.01253424
 -0.01985977 -0.00952514  0.00650301  0.05098704 -0.01415922  0.12766375
  0.10799585 -0.03797311  0.17802997  0.02479427  0.03206134  0.15436089
 -0.01931782 -0.0325127   0.09292167  0.24273697  0.1472943  -0.00965115
  0.00808705 -0.03706928  0.04919094  0.03463728  0.26506272  0.02039618
 -0.05752014 -0.03622545  0.04462385  0.07788199  0.16052456  0.01377341
  0.0087119   0.18520236  0.00539027  0.07544771 -0.03135792 -0.01561569
  0.05158421  0.07021637  0.03519882  0.01259166  0.00433295  0.12017379
  0.0688334   0.05330862  0.08385956  0.08625796  0.02471671  0.08951727
  0.01914795  0.01970628 -0.0118165   0.12309837  0.0412981  -0.05812836
 -0.06867725  0.02327019 -0.01604193  0.09746337  0.03831076 -0.05057151
  0.06054287  0.02553753  0.06804042  0.08504138 -0.01102089  0.11521688
  0.07427967  0.03772353  0.04008091  0.02417409  0.05846073  0.03567521
  0.06571465  0.0558561   0.10284064  0.03281309  0.00146707  0.19586024
  0.13446558  0.06102173 -0.03989333  0.09492262  0.06228741  0.03927191
  0.0180975   0.0450264  -0.03481134  0.03785512  0.00236932  0.04962105
  0.00797422  0.04282912  0.12466161  0.1214783   0.00911849  0.13143536
  0.0080909  -0.04835934  0.08489706  0.09852549  0.1351057  -0.04379652
  0.02050685  0.11602774  0.05351023  0.01406608  0.01299465  0.0924307
  0.08607075  0.23319018  0.0066444  -0.00665905  0.18447928  0.09686662
  0.11682849  0.14228798]
, index=9
-------------------------
qlstm.layers.0.0.output_gate_params.input_weight.weight
Shape: (128, 64)
Values:
[[-0.02955433 -0.06893839 -0.0675617  ... -0.02174237 -0.03465606
  -0.02007858]
 [-0.02522507 -0.06872513 -0.01048603 ... -0.03089793 -0.0092734
   0.1722309 ]
 [ 0.01214105 -0.07882795  0.01441109 ... -0.03407038 -0.03913944
   0.04921624]
 ...
 [ 0.03109841  0.08605587 -0.11076778 ...  0.0425935   0.03925886
  -0.08902818]
 [ 0.08508195  0.0260693   0.00775782 ...  0.08612411 -0.01019212
   0.0374316 ]
 [-0.04053678  0.10085046 -0.06599949 ...  0.03317996 -0.08240341
   0.11273174]]
, index=10
-------------------------
qlstm.layers.0.0.output_gate_params.hidden_weight.weight
Shape: (128, 128)
Values:
[[ 0.01950682 -0.02717714  0.00519839 ... -0.01436752  0.01471426
   0.02878093]
 [ 0.00772244 -0.00394198 -0.03505914 ... -0.01159227  0.03794993
  -0.01461089]
 [-0.03057043 -0.02526644 -0.06827883 ...  0.00097973 -0.05745889
  -0.02548289]
 ...
 [-0.00562143  0.0332285   0.06448369 ... -0.05535466 -0.05109839
   0.08725006]
 [-0.00690616  0.03331671  0.06189662 ... -0.02780393 -0.04010248
  -0.04957623]
 [-0.00615277 -0.02831575 -0.02413319 ... -0.10146033  0.06466229
   0.10686424]]
, index=11
-------------------------
/Constant_output_0
Shape: (1, 128, 128)
Values:
[[[0. 0. 0. ... 0. 0. 0.]
  [0. 0. 0. ... 0. 0. 0.]
  [0. 0. 0. ... 0. 0. 0.]
  ...
  [0. 0. 0. ... 0. 0. 0.]
  [0. 0. 0. ... 0. 0. 0.]
  [0. 0. 0. ... 0. 0. 0.]]]
, index=12
-------------------------
/qlstm/layers.0.0/output_quant/export_handler/Constant_output_0
Shape: ()
Values:
0.01669367589056492
, index=13
-------------------------
/qlstm/layers.0.0/output_quant/export_handler/Constant_1_output_0
Shape: ()
Values:
0
, index=14
-------------------------
/qlstm/layers.0.0/output_quant/export_handler/Constant_2_output_0
Shape: ()
Values:
8.0
, index=15
-------------------------
/qlstm/layers.0.0/input_weight/weight_quant/export_handler/Constant_output_0
Shape: ()
Values:
0.00316931982524693
, index=16
-------------------------
/qlstm/layers.0.0/input_weight/weight_quant/export_handler/Constant_1_output_0
Shape: ()
Values:
-127
, index=17
-------------------------
/qlstm/layers.0.0/input_weight/weight_quant/export_handler/Constant_2_output_0
Shape: ()
Values:
127
, index=18
-------------------------
/qlstm/layers.0.0/input_weight/weight_quant/export_handler_1/Constant_output_0
Shape: ()
Values:
0.0047323317267000675
, index=19
-------------------------
/qlstm/layers.0.0/input_weight/weight_quant/export_handler_2/Constant_output_0
Shape: ()
Values:
0.0028766433242708445
, index=20
-------------------------
/qlstm/layers.0.0/input_weight/weight_quant/export_handler_3/Constant_output_0
Shape: ()
Values:
0.003203144995495677
, index=21
-------------------------
onnx.brevitas::QuantLSTMCell_120
Shape: (128, 128)
Values:
[[0. 0. 0. ... 0. 0. 0.]
 [0. 0. 0. ... 0. 0. 0.]
 [0. 0. 0. ... 0. 0. 0.]
 ...
 [0. 0. 0. ... 0. 0. 0.]
 [0. 0. 0. ... 0. 0. 0.]
 [0. 0. 0. ... 0. 0. 0.]]
, index=22
-------------------------
/qlstm/layers.0.0/export_handler/Constant_output_0
Shape: ()
Values:
0.049142736941576004
, index=23
-------------------------
/qlstm/layers.0.0/export_handler/Constant_1_output_0
Shape: ()
Values:
6.0
, index=24
-------------------------
/qlstm/layers.0.0/export_handler/Constant_2_output_0
Shape: ()
Values:
0.06635869294404984
, index=25
-------------------------
/qlstm/layers.0.0/export_handler/Constant_3_output_0
Shape: ()
Values:
0.08792582154273987
, index=26
-------------------------
/qlstm/layers.0.0/export_handler/Constant_4_output_0
Shape: ()
Values:
0.03448130190372467
, index=27
-------------------------
/qlstm/layers.0.0/export_handler/Constant_5_output_0
Shape: ()
Values:
0.074542336165905
, index=28
-------------------------
/qlstm/layers.0.0/export_handler/Constant_6_output_0
Shape: ()
Values:
0.01396247185766697
, index=29
-------------------------
/qlstm/layers.0.0/export_handler/Constant_7_output_0
Shape: ()
Values:
0
, index=30
-------------------------
/qlstm/layers.0.0/export_handler/Constant_8_output_0
Shape: ()
Values:
0.014778331853449345
, index=31
-------------------------
/qlstm/layers.0.0/export_handler/Constant_9_output_0
Shape: ()
Values:
0.025049541145563126
, index=32
-------------------------
/qlstm/layers.0.0/export_handler/Constant_10_output_0
Shape: ()
Values:
0.014327285811305046
, index=33
-------------------------
/qlstm/layers.0.0/export_handler/Constant_11_output_0
Shape: ()
Values:
0.028866447508335114
, index=34
-------------------------
/qlstm/layers.0.0/Constant_output_0
Shape: (1,)
Values:
[0]
, index=35
-------------------------
/Constant_1_output_0
Shape: ()
Values:
-1
, index=36
-------------------------
/Constant_2_output_0
Shape: (2,)
Values:
[128  -1]
, index=37
-------------------------
Weights extraction completed.
